# JRE version: OpenJDK Runtime Environment (21.0.6) (build 21.0.6+-13391695-b895.109)
# Java VM: OpenJDK 64-Bit Server VM (21.0.6+-13391695-b895.109, mixed mode, tiered, compressed oops, compressed class ptrs, g1 gc, windows-amd64)
GC Precious Log:
 CardTable entry size: 512
 Card Set container configuration: InlinePtr #cards 5 size 8 Array Of Cards #cards 12 size 40 Howl #buckets 4 coarsen threshold 1843 Howl Bitmap #cards 512 size 80 coarsen threshold 460 Card regions per heap region 1 cards per card region 2048
 CPUs: 12 total, 12 available
 Memory: 16234M
 Large Page Support: Disabled
 NUMA Support: Disabled
 Compressed Oops: Enabled (32-bit)
 Heap Region Size: 1M
 Heap Min Capacity: 8M
 Heap Initial Capacity: 254M
 Heap Max Capacity: 2G
 Pre-touch: Disabled
 Parallel Workers: 10
 Concurrent Workers: 3
 Concurrent Refinement Workers: 10
 Periodic GC: Disabled
Heap:
 garbage-first heap   total 271360K, used 231663K [0x0000000080000000, 0x0000000100000000)
  region size 1024K, 74 young (75776K), 9 survivors (9216K)
 Metaspace       used 148775K, committed 151168K, reserved 1245184K
  class space    used 19033K, committed 20224K, reserved 1048576K
GC Heap History (20 events):
Event: 8.598 GC heap after
{Heap after GC invocations=33 (full 0):
 garbage-first heap   total 197632K, used 135542K [0x0000000080000000, 0x0000000100000000)
  region size 1024K, 3 young (3072K), 3 survivors (3072K)
 Metaspace       used 101718K, committed 103808K, reserved 1179648K
  class space    used 13547K, committed 14592K, reserved 1048576K
}
Event: 9.007 GC heap before
{Heap before GC invocations=34 (full 0):
 garbage-first heap   total 225280K, used 182646K [0x0000000080000000, 0x0000000100000000)
  region size 1024K, 49 young (50176K), 3 survivors (3072K)
 Metaspace       used 106718K, committed 108864K, reserved 1179648K
  class space    used 14192K, committed 15232K, reserved 1048576K
}
Event: 9.011 GC heap after
{Heap after GC invocations=35 (full 0):
 garbage-first heap   total 225280K, used 140097K [0x0000000080000000, 0x0000000100000000)
  region size 1024K, 7 young (7168K), 7 survivors (7168K)
 Metaspace       used 106718K, committed 108864K, reserved 1179648K
  class space    used 14192K, committed 15232K, reserved 1048576K
}
Event: 9.472 GC heap before
{Heap before GC invocations=35 (full 0):
 garbage-first heap   total 225280K, used 204609K [0x0000000080000000, 0x0000000100000000)
  region size 1024K, 70 young (71680K), 7 survivors (7168K)
 Metaspace       used 110306K, committed 112384K, reserved 1179648K
  class space    used 14584K, committed 15616K, reserved 1048576K
}
Event: 9.478 GC heap after
{Heap after GC invocations=36 (full 0):
 garbage-first heap   total 225280K, used 141732K [0x0000000080000000, 0x0000000100000000)
  region size 1024K, 8 young (8192K), 8 survivors (8192K)
 Metaspace       used 110306K, committed 112384K, reserved 1179648K
  class space    used 14584K, committed 15616K, reserved 1048576K
}
Event: 10.082 GC heap before
{Heap before GC invocations=36 (full 0):
 garbage-first heap   total 225280K, used 204196K [0x0000000080000000, 0x0000000100000000)
  region size 1024K, 70 young (71680K), 8 survivors (8192K)
 Metaspace       used 117771K, committed 119872K, reserved 1179648K
  class space    used 15364K, committed 16384K, reserved 1048576K
}
Event: 10.088 GC heap after
{Heap after GC invocations=37 (full 0):
 garbage-first heap   total 225280K, used 146760K [0x0000000080000000, 0x0000000100000000)
  region size 1024K, 5 young (5120K), 5 survivors (5120K)
 Metaspace       used 117771K, committed 119872K, reserved 1179648K
  class space    used 15364K, committed 16384K, reserved 1048576K
}
Event: 10.702 GC heap before
{Heap before GC invocations=38 (full 0):
 garbage-first heap   total 245760K, used 207176K [0x0000000080000000, 0x0000000100000000)
  region size 1024K, 64 young (65536K), 5 survivors (5120K)
 Metaspace       used 127278K, committed 129408K, reserved 1179648K
  class space    used 16300K, committed 17344K, reserved 1048576K
}
Event: 10.706 GC heap after
{Heap after GC invocations=39 (full 0):
 garbage-first heap   total 245760K, used 149276K [0x0000000080000000, 0x0000000100000000)
  region size 1024K, 7 young (7168K), 7 survivors (7168K)
 Metaspace       used 127278K, committed 129408K, reserved 1179648K
  class space    used 16300K, committed 17344K, reserved 1048576K
}
Event: 11.344 GC heap before
{Heap before GC invocations=39 (full 0):
 garbage-first heap   total 245760K, used 227100K [0x0000000080000000, 0x0000000100000000)
  region size 1024K, 82 young (83968K), 7 survivors (7168K)
 Metaspace       used 131341K, committed 133504K, reserved 1179648K
  class space    used 16717K, committed 17792K, reserved 1048576K
}
Event: 11.350 GC heap after
{Heap after GC invocations=40 (full 0):
 garbage-first heap   total 245760K, used 152335K [0x0000000080000000, 0x0000000100000000)
  region size 1024K, 8 young (8192K), 8 survivors (8192K)
 Metaspace       used 131341K, committed 133504K, reserved 1179648K
  class space    used 16717K, committed 17792K, reserved 1048576K
}
Event: 12.135 GC heap before
{Heap before GC invocations=40 (full 0):
 garbage-first heap   total 245760K, used 224015K [0x0000000080000000, 0x0000000100000000)
  region size 1024K, 79 young (80896K), 8 survivors (8192K)
 Metaspace       used 136594K, committed 138880K, reserved 1179648K
  class space    used 17438K, committed 18560K, reserved 1048576K
}
Event: 12.139 GC heap after
{Heap after GC invocations=41 (full 0):
 garbage-first heap   total 245760K, used 150517K [0x0000000080000000, 0x0000000100000000)
  region size 1024K, 3 young (3072K), 3 survivors (3072K)
 Metaspace       used 136594K, committed 138880K, reserved 1179648K
  class space    used 17438K, committed 18560K, reserved 1048576K
}
Event: 14.996 GC heap before
{Heap before GC invocations=42 (full 0):
 garbage-first heap   total 250880K, used 229365K [0x0000000080000000, 0x0000000100000000)
  region size 1024K, 80 young (81920K), 3 survivors (3072K)
 Metaspace       used 147767K, committed 150080K, reserved 1179648K
  class space    used 18969K, committed 20096K, reserved 1048576K
}
Event: 15.002 GC heap after
{Heap after GC invocations=43 (full 0):
 garbage-first heap   total 250880K, used 157931K [0x0000000080000000, 0x0000000100000000)
  region size 1024K, 10 young (10240K), 10 survivors (10240K)
 Metaspace       used 147767K, committed 150080K, reserved 1179648K
  class space    used 18969K, committed 20096K, reserved 1048576K
}
Event: 15.492 GC heap before
{Heap before GC invocations=43 (full 0):
 garbage-first heap   total 250880K, used 225515K [0x0000000080000000, 0x0000000100000000)
  region size 1024K, 77 young (78848K), 10 survivors (10240K)
 Metaspace       used 148402K, committed 150784K, reserved 1245184K
  class space    used 18982K, committed 20160K, reserved 1048576K
}
Event: 15.503 GC heap after
{Heap after GC invocations=44 (full 0):
 garbage-first heap   total 250880K, used 159509K [0x0000000080000000, 0x0000000100000000)
  region size 1024K, 5 young (5120K), 5 survivors (5120K)
 Metaspace       used 148402K, committed 150784K, reserved 1245184K
  class space    used 18982K, committed 20160K, reserved 1048576K
}
Event: 16.072 GC heap before
{Heap before GC invocations=44 (full 0):
 garbage-first heap   total 250880K, used 230165K [0x0000000080000000, 0x0000000100000000)
  region size 1024K, 75 young (76800K), 5 survivors (5120K)
 Metaspace       used 148449K, committed 150848K, reserved 1245184K
  class space    used 18983K, committed 20160K, reserved 1048576K
}
Event: 16.075 GC heap after
{Heap after GC invocations=45 (full 0):
 garbage-first heap   total 250880K, used 161007K [0x0000000080000000, 0x0000000100000000)
  region size 1024K, 7 young (7168K), 7 survivors (7168K)
 Metaspace       used 148449K, committed 150848K, reserved 1245184K
  class space    used 18983K, committed 20160K, reserved 1048576K
}
Event: 16.909 GC heap before
{Heap before GC invocations=46 (full 0):
 garbage-first heap   total 271360K, used 230639K [0x0000000080000000, 0x0000000100000000)
  region size 1024K, 72 young (73728K), 7 survivors (7168K)
 Metaspace       used 148775K, committed 151168K, reserved 1245184K
  class space    used 19033K, committed 20224K, reserved 1048576K
}

